<?xml version="1.0" encoding="UTF-8"?>
<!-- Generated by org.testng.reporters.JUnitXMLReporter -->
<testsuite ignored="0" hostname="LAPTOP-NTNOL46I" failures="2"
	tests="2" name="Test" time="6.043" errors="0"
	timestamp="2021-07-16T18:15:01 IST">
	<testcase classname="qaclickacademy.Mavenjava.HomePage"
		name="basePageNavigation" time="2.59">
		<failure type="java.lang.AssertionError"
			message="expected [ALL ACCESS SUBSCRIPTIONs] but found [ALL ACCESS SUBSCRIPTION]">
      <![CDATA[java.lang.AssertionError: expected [ALL ACCESS SUBSCRIPTIONs] but found [ALL ACCESS SUBSCRIPTION]
at qaclickacademy.Mavenjava.HomePage.basePageNavigation(HomePage.java:35)
at java.base/java.util.ArrayList.forEach(ArrayList.java:1511)
at java.base/java.util.concurrent.FutureTask.run(FutureTask.java:264)
at java.base/java.util.concurrent.ThreadPoolExecutor.runWorker(ThreadPoolExecutor.java:1130)
at java.base/java.util.concurrent.ThreadPoolExecutor$Worker.run(ThreadPoolExecutor.java:630)
at java.base/java.lang.Thread.run(Thread.java:831)
... Removed 24 stack frames]]>
		</failure>
	</testcase> <!-- basePageNavigation -->
	<testcase classname="qaclickacademy.Mavenjava.HomePage"
		name="basePageNavigation" time="0.398">
		<failure type="java.lang.AssertionError"
			message="expected [ALL ACCESS SUBSCRIPTIONs] but found [ALL ACCESS SUBSCRIPTION]">
      <![CDATA[java.lang.AssertionError: expected [ALL ACCESS SUBSCRIPTIONs] but found [ALL ACCESS SUBSCRIPTION]
at qaclickacademy.Mavenjava.HomePage.basePageNavigation(HomePage.java:35)
at java.base/java.util.ArrayList.forEach(ArrayList.java:1511)
at java.base/java.util.concurrent.FutureTask.run(FutureTask.java:264)
at java.base/java.util.concurrent.ThreadPoolExecutor.runWorker(ThreadPoolExecutor.java:1130)
at java.base/java.util.concurrent.ThreadPoolExecutor$Worker.run(ThreadPoolExecutor.java:630)
at java.base/java.lang.Thread.run(Thread.java:831)
... Removed 24 stack frames]]>
		</failure>
	</testcase> <!-- basePageNavigation -->
</testsuite> <!-- Test -->
